0 info it worked if it ends with ok
1 verbose cli [ '/usr/bin/node', '/usr/bin/npm', 'start' ]
2 info using npm@1.2.18
3 info using node@v0.10.4
4 verbose node symlink /usr/bin/node
5 verbose read json /home/co/projects/expenses-open/package.json
6 verbose run-script [ 'prestart', 'start', 'poststart' ]
7 info prestart expenses@0.1.1
8 info start expenses@0.1.1
9 verbose unsafe-perm in lifecycle true
10 silly exec sh "-c" "iced back/server.iced"
11 silly sh,-c,iced back/server.iced,/home/co/projects/expenses-open spawning
12 info expenses@0.1.1 Failed to exec start script
13 error expenses@0.1.1 start: `iced back/server.iced`
13 error `sh "-c" "iced back/server.iced"` failed with 1
14 error Failed at the expenses@0.1.1 start script.
14 error This is most likely a problem with the expenses package,
14 error not with npm itself.
14 error Tell the author that this fails on your system:
14 error     iced back/server.iced
14 error You can get their info via:
14 error     npm owner ls expenses
14 error There is likely additional logging output above.
15 error System Linux 3.5.0-27-generic
16 error command "/usr/bin/node" "/usr/bin/npm" "start"
17 error cwd /home/co/projects/expenses-open
18 error node -v v0.10.4
19 error npm -v 1.2.18
20 error code ELIFECYCLE
21 verbose exit [ 1, true ]
